<?xml version="1.0" encoding="UTF-8"?>
<!-- Generated by org.testng.reporters.JUnitReportReporter -->
<testsuite hostname="DESKTOP-F3HIC5N" failures="0" tests="1" name="verifytitle.GoogleLaunch" time="31.576" errors="0" timestamp="29 May 2020 07:03:29 GMT">
  <testcase classname="verifytitle.GoogleLaunch" name="ValidateTitle" time="31.576"/>
</testsuite> <!-- verifytitle.GoogleLaunch -->
